<?xml version="1.0" encoding="UTF-8"?>
<testng-results skipped="0" failed="0" total="1" passed="1">
  <reporter-output>
  </reporter-output>
  <suite name="Default suite" duration-ms="1897" started-at="2019-03-10T08:39:48Z" finished-at="2019-03-10T08:39:50Z">
    <groups>
    </groups>
    <test name="Default test" duration-ms="1897" started-at="2019-03-10T08:39:48Z" finished-at="2019-03-10T08:39:50Z">
      <class name="com.qa.test.PostAPITest">
        <test-method status="PASS" signature="setUp()[pri:0, instance:com.qa.test.PostAPITest@48eff760]" name="setUp" is-config="true" duration-ms="15" started-at="2019-03-10T00:39:48Z" finished-at="2019-03-10T00:39:48Z">
          <reporter-output>
          </reporter-output>
        </test-method> <!-- setUp -->
        <test-method status="PASS" signature="postAPITest()[pri:0, instance:com.qa.test.PostAPITest@48eff760]" name="postAPITest" duration-ms="1856" started-at="2019-03-10T00:39:48Z" finished-at="2019-03-10T00:39:50Z">
          <reporter-output>
          </reporter-output>
        </test-method> <!-- postAPITest -->
      </class> <!-- com.qa.test.PostAPITest -->
    </test> <!-- Default test -->
  </suite> <!-- Default suite -->
</testng-results>
